<?xml version="1.0" encoding="UTF-8"?>
<testsuite name="lab03.AppTest" tests="1" skipped="0" failures="0" errors="0" timestamp="2022-02-10T19:40:47" hostname="LAPTOP-SBKK6HVA" time="0.074">
  <properties/>
  <testcase name="appHasAGreeting()" classname="lab03.AppTest" time="0.074"/>
  <system-out><![CDATA[]]></system-out>
  <system-err><![CDATA[]]></system-err>
</testsuite>
